[12:12:06] [ServerMain/INFO]: Environment: Environment[sessionHost=https://sessionserver.mojang.com, servicesHost=https://api.minecraftservices.com, name=PROD]
[12:12:08] [ServerMain/INFO]: No existing world data, creating new world
[12:12:09] [ServerMain/INFO]: Loaded 1407 recipes
[12:12:09] [ServerMain/INFO]: Loaded 1520 advancements
[12:12:09] [Server thread/INFO]: Starting minecraft server version 1.21.8
[12:12:09] [Server thread/INFO]: Loading properties
[12:12:09] [Server thread/INFO]: Default game type: SURVIVAL
[12:12:09] [Server thread/INFO]: Generating keypair
[12:12:09] [Server thread/INFO]: Starting Minecraft server on *:25565
[12:12:09] [Server thread/INFO]: Using epoll channel type
[12:12:09] [Server thread/WARN]: **** SERVER IS RUNNING IN OFFLINE/INSECURE MODE!
[12:12:09] [Server thread/WARN]: The server will make no attempt to authenticate usernames. Beware.
[12:12:09] [Server thread/WARN]: While this makes the game possible to play without internet access, it also opens up the ability for hackers to connect with any username they choose.
[12:12:09] [Server thread/WARN]: To change this, set "online-mode" to "true" in the server.properties file.
[12:12:09] [Server thread/INFO]: Preparing level "world"
[12:12:16] [Server thread/INFO]: Preparing start region for dimension minecraft:overworld
[12:12:16] [Worker-Main-3/INFO]: Preparing spawn area: 2%
[12:12:17] [Worker-Main-1/INFO]: Preparing spawn area: 2%
[12:12:17] [Worker-Main-3/INFO]: Preparing spawn area: 2%
[12:12:18] [Worker-Main-1/INFO]: Preparing spawn area: 2%
[12:12:18] [Worker-Main-2/INFO]: Preparing spawn area: 18%
[12:12:19] [Worker-Main-3/INFO]: Preparing spawn area: 18%
[12:12:19] [Worker-Main-1/INFO]: Preparing spawn area: 18%
[12:12:20] [Worker-Main-3/INFO]: Preparing spawn area: 51%
[12:12:20] [Worker-Main-2/INFO]: Preparing spawn area: 51%
[12:12:21] [Worker-Main-1/INFO]: Preparing spawn area: 51%
[12:12:21] [Server thread/INFO]: Time elapsed: 4724 ms
[12:12:21] [Server thread/INFO]: Done (11.851s)! For help, type "help"
[12:12:21] [Server thread/INFO]: Unknown or incomplete command, see below for error
[12:12:21] [Server thread/INFO]: home/codespace/.python/current/bin/python /workspaces/ubiquitous-guacamole/msx.py<--[HERE]
[12:12:42] [Server thread/INFO]: KAIEE_88[/127.68.105.199:43979] logged in with entity id 8 at (3.5, 91.0, 46.5)
[12:12:42] [Server thread/INFO]: KAIEE_88 joined the game
[12:14:03] [Server thread/INFO]: KAIEE_88 tried to swim in lava
[12:14:17] [Server thread/INFO]: KAIEE_88 lost connection: Disconnected
[12:14:17] [Server thread/INFO]: KAIEE_88 left the game
[12:15:17] [Server thread/INFO]: Server empty for 60 seconds, pausing
